{"C:\\server\\www\\js-snippets\\lib\\array.js": {"path":"C:\\server\\www\\js-snippets\\lib\\array.js","statementMap":{"0":{"start":{"line":10,"column":32},"end":{"line":10,"column":71}},"1":{"start":{"line":10,"column":39},"end":{"line":10,"column":71}},"2":{"start":{"line":21,"column":24},"end":{"line":21,"column":50}},"3":{"start":{"line":21,"column":31},"end":{"line":21,"column":50}},"4":{"start":{"line":33,"column":35},"end":{"line":33,"column":89}},"5":{"start":{"line":33,"column":51},"end":{"line":33,"column":89}},"6":{"start":{"line":47,"column":21},"end":{"line":47,"column":34}},"7":{"start":{"line":48,"column":21},"end":{"line":48,"column":34}},"8":{"start":{"line":50,"column":2},"end":{"line":52,"column":3}},"9":{"start":{"line":51,"column":4},"end":{"line":51,"column":28}},"10":{"start":{"line":54,"column":2},"end":{"line":56,"column":3}},"11":{"start":{"line":55,"column":4},"end":{"line":55,"column":28}},"12":{"start":{"line":58,"column":2},"end":{"line":58,"column":42}},"13":{"start":{"line":62,"column":0},"end":{"line":62,"column":58}},"14":{"start":{"line":63,"column":0},"end":{"line":63,"column":42}},"15":{"start":{"line":64,"column":0},"end":{"line":64,"column":64}},"16":{"start":{"line":65,"column":0},"end":{"line":65,"column":84}}},"fnMap":{"0":{"name":"(anonymous_0)","decl":{"start":{"line":10,"column":32},"end":{"line":10,"column":33}},"loc":{"start":{"line":10,"column":39},"end":{"line":10,"column":71}},"line":10},"1":{"name":"(anonymous_1)","decl":{"start":{"line":21,"column":24},"end":{"line":21,"column":25}},"loc":{"start":{"line":21,"column":31},"end":{"line":21,"column":50}},"line":21},"2":{"name":"(anonymous_2)","decl":{"start":{"line":33,"column":35},"end":{"line":33,"column":36}},"loc":{"start":{"line":33,"column":51},"end":{"line":33,"column":89}},"line":33},"3":{"name":"createTwoArraysUniqueDifferenceUnion","decl":{"start":{"line":46,"column":9},"end":{"line":46,"column":45}},"loc":{"start":{"line":46,"column":58},"end":{"line":59,"column":1}},"line":46}},"branchMap":{},"s":{"0":6,"1":2,"2":6,"3":2,"4":6,"5":3,"6":1,"7":1,"8":1,"9":4,"10":1,"11":4,"12":1,"13":6,"14":6,"15":6,"16":6},"f":{"0":2,"1":2,"2":3,"3":1},"b":{},"_coverageSchema":"43e27e138ebf9cfc5966b082cf9a028302ed4184","hash":"dce5c851890858e45494acc48a8d4b2c062b41ba"}
,"C:\\server\\www\\js-snippets\\lib\\function.js": {"path":"C:\\server\\www\\js-snippets\\lib\\function.js","statementMap":{"0":{"start":{"line":11,"column":25},"end":{"line":15,"column":3}},"1":{"start":{"line":11,"column":43},"end":{"line":15,"column":3}},"2":{"start":{"line":12,"column":2},"end":{"line":15,"column":3}},"3":{"start":{"line":13,"column":29},"end":{"line":13,"column":48}},"4":{"start":{"line":28,"column":37},"end":{"line":35,"column":1}},"5":{"start":{"line":28,"column":55},"end":{"line":35,"column":1}},"6":{"start":{"line":29,"column":20},"end":{"line":29,"column":55}},"7":{"start":{"line":31,"column":2},"end":{"line":34,"column":4}},"8":{"start":{"line":32,"column":29},"end":{"line":32,"column":48}},"9":{"start":{"line":38,"column":0},"end":{"line":38,"column":44}},"10":{"start":{"line":39,"column":0},"end":{"line":39,"column":68}}},"fnMap":{"0":{"name":"(anonymous_0)","decl":{"start":{"line":11,"column":25},"end":{"line":11,"column":26}},"loc":{"start":{"line":11,"column":43},"end":{"line":15,"column":3}},"line":11},"1":{"name":"(anonymous_1)","decl":{"start":{"line":11,"column":43},"end":{"line":11,"column":44}},"loc":{"start":{"line":12,"column":2},"end":{"line":15,"column":3}},"line":12},"2":{"name":"(anonymous_2)","decl":{"start":{"line":13,"column":4},"end":{"line":13,"column":5}},"loc":{"start":{"line":13,"column":29},"end":{"line":13,"column":48}},"line":13},"3":{"name":"(anonymous_3)","decl":{"start":{"line":28,"column":37},"end":{"line":28,"column":38}},"loc":{"start":{"line":28,"column":55},"end":{"line":35,"column":1}},"line":28},"4":{"name":"(anonymous_4)","decl":{"start":{"line":28,"column":55},"end":{"line":28,"column":56}},"loc":{"start":{"line":28,"column":83},"end":{"line":35,"column":1}},"line":28},"5":{"name":"(anonymous_5)","decl":{"start":{"line":32,"column":4},"end":{"line":32,"column":5}},"loc":{"start":{"line":32,"column":29},"end":{"line":32,"column":48}},"line":32}},"branchMap":{"0":{"loc":{"start":{"line":29,"column":20},"end":{"line":29,"column":55}},"type":"cond-expr","locations":[{"start":{"line":29,"column":31},"end":{"line":29,"column":44}},{"start":{"line":29,"column":47},"end":{"line":29,"column":55}}],"line":29}},"s":{"0":6,"1":2,"2":2,"3":4,"4":6,"5":1,"6":6,"7":6,"8":12,"9":6,"10":6},"f":{"0":2,"1":2,"2":4,"3":1,"4":6,"5":12},"b":{"0":[3,3]},"_coverageSchema":"43e27e138ebf9cfc5966b082cf9a028302ed4184","hash":"c784db254a51369d9920e55c108a0c3c2616b397"}
,"C:\\server\\www\\js-snippets\\lib\\index.js": {"path":"C:\\server\\www\\js-snippets\\lib\\index.js","statementMap":{"0":{"start":{"line":9,"column":4},"end":{"line":9,"column":22}},"1":{"start":{"line":15,"column":4},"end":{"line":15,"column":25}},"2":{"start":{"line":20,"column":4},"end":{"line":20,"column":23}},"3":{"start":{"line":25,"column":4},"end":{"line":25,"column":23}},"4":{"start":{"line":35,"column":4},"end":{"line":35,"column":20}},"5":{"start":{"line":42,"column":4},"end":{"line":42,"column":23}},"6":{"start":{"line":49,"column":0},"end":{"line":49,"column":58}},"7":{"start":{"line":50,"column":0},"end":{"line":50,"column":42}},"8":{"start":{"line":51,"column":0},"end":{"line":51,"column":64}},"9":{"start":{"line":52,"column":0},"end":{"line":52,"column":84}},"10":{"start":{"line":55,"column":0},"end":{"line":55,"column":44}},"11":{"start":{"line":56,"column":0},"end":{"line":56,"column":68}},"12":{"start":{"line":59,"column":0},"end":{"line":59,"column":54}},"13":{"start":{"line":62,"column":0},"end":{"line":62,"column":36}},"14":{"start":{"line":65,"column":0},"end":{"line":65,"column":62}},"15":{"start":{"line":66,"column":0},"end":{"line":66,"column":66}},"16":{"start":{"line":67,"column":0},"end":{"line":67,"column":32}},"17":{"start":{"line":68,"column":0},"end":{"line":68,"column":36}},"18":{"start":{"line":69,"column":0},"end":{"line":69,"column":38}},"19":{"start":{"line":70,"column":0},"end":{"line":70,"column":58}},"20":{"start":{"line":73,"column":0},"end":{"line":73,"column":38}},"21":{"start":{"line":74,"column":0},"end":{"line":74,"column":32}},"22":{"start":{"line":75,"column":0},"end":{"line":75,"column":36}}},"fnMap":{},"branchMap":{},"s":{"0":6,"1":6,"2":6,"3":6,"4":6,"5":6,"6":6,"7":6,"8":6,"9":6,"10":6,"11":6,"12":6,"13":6,"14":6,"15":6,"16":6,"17":6,"18":6,"19":6,"20":6,"21":6,"22":6},"f":{},"b":{},"_coverageSchema":"43e27e138ebf9cfc5966b082cf9a028302ed4184","hash":"98e7d3ac0a1fe5cea8508c7565035cc4d137c380"}
,"C:\\server\\www\\js-snippets\\lib\\number.js": {"path":"C:\\server\\www\\js-snippets\\lib\\number.js","statementMap":{"0":{"start":{"line":11,"column":30},"end":{"line":11,"column":96}},"1":{"start":{"line":11,"column":52},"end":{"line":11,"column":96}},"2":{"start":{"line":14,"column":0},"end":{"line":14,"column":54}}},"fnMap":{"0":{"name":"(anonymous_0)","decl":{"start":{"line":11,"column":30},"end":{"line":11,"column":31}},"loc":{"start":{"line":11,"column":52},"end":{"line":11,"column":96}},"line":11}},"branchMap":{},"s":{"0":6,"1":1,"2":6},"f":{"0":1},"b":{},"_coverageSchema":"43e27e138ebf9cfc5966b082cf9a028302ed4184","hash":"643561b8a8c66b26e41ac206d7e26876fa702ca6"}
,"C:\\server\\www\\js-snippets\\lib\\object.js": {"path":"C:\\server\\www\\js-snippets\\lib\\object.js","statementMap":{"0":{"start":{"line":13,"column":2},"end":{"line":49,"column":5}},"1":{"start":{"line":15,"column":6},"end":{"line":15,"column":76}},"2":{"start":{"line":16,"column":6},"end":{"line":16,"column":64}},"3":{"start":{"line":17,"column":6},"end":{"line":17,"column":25}},"4":{"start":{"line":19,"column":6},"end":{"line":19,"column":64}},"5":{"start":{"line":22,"column":6},"end":{"line":22,"column":73}},"6":{"start":{"line":23,"column":6},"end":{"line":23,"column":73}},"7":{"start":{"line":24,"column":6},"end":{"line":24,"column":25}},"8":{"start":{"line":26,"column":6},"end":{"line":26,"column":53}},"9":{"start":{"line":29,"column":6},"end":{"line":29,"column":88}},"10":{"start":{"line":30,"column":6},"end":{"line":30,"column":28}},"11":{"start":{"line":31,"column":6},"end":{"line":31,"column":25}},"12":{"start":{"line":33,"column":6},"end":{"line":33,"column":43}},"13":{"start":{"line":36,"column":6},"end":{"line":36,"column":88}},"14":{"start":{"line":37,"column":6},"end":{"line":37,"column":28}},"15":{"start":{"line":38,"column":6},"end":{"line":38,"column":25}},"16":{"start":{"line":40,"column":6},"end":{"line":40,"column":54}},"17":{"start":{"line":43,"column":6},"end":{"line":43,"column":88}},"18":{"start":{"line":44,"column":6},"end":{"line":44,"column":28}},"19":{"start":{"line":45,"column":6},"end":{"line":45,"column":25}},"20":{"start":{"line":47,"column":6},"end":{"line":47,"column":66}},"21":{"start":{"line":54,"column":0},"end":{"line":54,"column":36}}},"fnMap":{"0":{"name":"objectLogger","decl":{"start":{"line":12,"column":9},"end":{"line":12,"column":21}},"loc":{"start":{"line":12,"column":27},"end":{"line":50,"column":1}},"line":12},"1":{"name":"(anonymous_1)","decl":{"start":{"line":14,"column":4},"end":{"line":14,"column":5}},"loc":{"start":{"line":14,"column":47},"end":{"line":20,"column":5}},"line":14},"2":{"name":"(anonymous_2)","decl":{"start":{"line":21,"column":4},"end":{"line":21,"column":5}},"loc":{"start":{"line":21,"column":36},"end":{"line":27,"column":5}},"line":21},"3":{"name":"(anonymous_3)","decl":{"start":{"line":28,"column":4},"end":{"line":28,"column":5}},"loc":{"start":{"line":28,"column":26},"end":{"line":34,"column":5}},"line":28},"4":{"name":"(anonymous_4)","decl":{"start":{"line":35,"column":4},"end":{"line":35,"column":5}},"loc":{"start":{"line":35,"column":37},"end":{"line":41,"column":5}},"line":35},"5":{"name":"(anonymous_5)","decl":{"start":{"line":42,"column":4},"end":{"line":42,"column":5}},"loc":{"start":{"line":42,"column":49},"end":{"line":48,"column":5}},"line":42}},"branchMap":{},"s":{"0":1,"1":1,"2":1,"3":1,"4":1,"5":1,"6":1,"7":1,"8":1,"9":1,"10":1,"11":1,"12":1,"13":1,"14":1,"15":1,"16":1,"17":2,"18":2,"19":2,"20":2,"21":6},"f":{"0":1,"1":1,"2":1,"3":1,"4":1,"5":2},"b":{},"_coverageSchema":"43e27e138ebf9cfc5966b082cf9a028302ed4184","hash":"009e94c1cf54fa12196647d31c4567a769cac87b"}
,"C:\\server\\www\\js-snippets\\lib\\set.js": {"path":"C:\\server\\www\\js-snippets\\lib\\set.js","statementMap":{"0":{"start":{"line":12,"column":21},"end":{"line":12,"column":30}},"1":{"start":{"line":14,"column":2},"end":{"line":18,"column":3}},"2":{"start":{"line":15,"column":4},"end":{"line":17,"column":5}},"3":{"start":{"line":16,"column":6},"end":{"line":16,"column":29}},"4":{"start":{"line":20,"column":2},"end":{"line":20,"column":22}},"5":{"start":{"line":35,"column":21},"end":{"line":35,"column":30}},"6":{"start":{"line":37,"column":2},"end":{"line":41,"column":3}},"7":{"start":{"line":38,"column":4},"end":{"line":40,"column":5}},"8":{"start":{"line":39,"column":6},"end":{"line":39,"column":29}},"9":{"start":{"line":43,"column":2},"end":{"line":43,"column":22}},"10":{"start":{"line":57,"column":2},"end":{"line":61,"column":3}},"11":{"start":{"line":58,"column":4},"end":{"line":60,"column":5}},"12":{"start":{"line":59,"column":6},"end":{"line":59,"column":19}},"13":{"start":{"line":63,"column":2},"end":{"line":63,"column":14}},"14":{"start":{"line":77,"column":14},"end":{"line":77,"column":27}},"15":{"start":{"line":79,"column":2},"end":{"line":81,"column":3}},"16":{"start":{"line":80,"column":4},"end":{"line":80,"column":20}},"17":{"start":{"line":83,"column":2},"end":{"line":83,"column":15}},"18":{"start":{"line":96,"column":14},"end":{"line":96,"column":23}},"19":{"start":{"line":98,"column":2},"end":{"line":102,"column":3}},"20":{"start":{"line":99,"column":4},"end":{"line":101,"column":5}},"21":{"start":{"line":100,"column":6},"end":{"line":100,"column":22}},"22":{"start":{"line":104,"column":2},"end":{"line":104,"column":15}},"23":{"start":{"line":119,"column":19},"end":{"line":119,"column":32}},"24":{"start":{"line":121,"column":2},"end":{"line":123,"column":3}},"25":{"start":{"line":122,"column":4},"end":{"line":122,"column":28}},"26":{"start":{"line":125,"column":2},"end":{"line":125,"column":20}},"27":{"start":{"line":129,"column":0},"end":{"line":129,"column":62}},"28":{"start":{"line":130,"column":0},"end":{"line":130,"column":66}},"29":{"start":{"line":131,"column":0},"end":{"line":131,"column":32}},"30":{"start":{"line":132,"column":0},"end":{"line":132,"column":36}},"31":{"start":{"line":133,"column":0},"end":{"line":133,"column":38}},"32":{"start":{"line":134,"column":0},"end":{"line":134,"column":58}}},"fnMap":{"0":{"name":"createTwoSetsIntersection","decl":{"start":{"line":11,"column":9},"end":{"line":11,"column":34}},"loc":{"start":{"line":11,"column":47},"end":{"line":21,"column":1}},"line":11},"1":{"name":"createThreeSetsIntersection","decl":{"start":{"line":34,"column":9},"end":{"line":34,"column":36}},"loc":{"start":{"line":34,"column":55},"end":{"line":44,"column":1}},"line":34},"2":{"name":"isSuperset","decl":{"start":{"line":56,"column":9},"end":{"line":56,"column":19}},"loc":{"start":{"line":56,"column":38},"end":{"line":64,"column":1}},"line":56},"3":{"name":"uniteTwoSets","decl":{"start":{"line":76,"column":9},"end":{"line":76,"column":21}},"loc":{"start":{"line":76,"column":34},"end":{"line":84,"column":1}},"line":76},"4":{"name":"uniteManySets","decl":{"start":{"line":95,"column":9},"end":{"line":95,"column":22}},"loc":{"start":{"line":95,"column":32},"end":{"line":105,"column":1}},"line":95},"5":{"name":"createTwoSetsDifference","decl":{"start":{"line":118,"column":9},"end":{"line":118,"column":32}},"loc":{"start":{"line":118,"column":45},"end":{"line":126,"column":1}},"line":118}},"branchMap":{"0":{"loc":{"start":{"line":15,"column":4},"end":{"line":17,"column":5}},"type":"if","locations":[{"start":{"line":15,"column":4},"end":{"line":17,"column":5}},{"start":{"line":15,"column":4},"end":{"line":17,"column":5}}],"line":15},"1":{"loc":{"start":{"line":38,"column":4},"end":{"line":40,"column":5}},"type":"if","locations":[{"start":{"line":38,"column":4},"end":{"line":40,"column":5}},{"start":{"line":38,"column":4},"end":{"line":40,"column":5}}],"line":38},"2":{"loc":{"start":{"line":38,"column":8},"end":{"line":38,"column":40}},"type":"binary-expr","locations":[{"start":{"line":38,"column":8},"end":{"line":38,"column":22}},{"start":{"line":38,"column":26},"end":{"line":38,"column":40}}],"line":38},"3":{"loc":{"start":{"line":58,"column":4},"end":{"line":60,"column":5}},"type":"if","locations":[{"start":{"line":58,"column":4},"end":{"line":60,"column":5}},{"start":{"line":58,"column":4},"end":{"line":60,"column":5}}],"line":58}},"s":{"0":2,"1":2,"2":4,"3":4,"4":2,"5":1,"6":1,"7":5,"8":2,"9":1,"10":2,"11":4,"12":1,"13":1,"14":1,"15":1,"16":3,"17":1,"18":1,"19":1,"20":3,"21":11,"22":1,"23":1,"24":1,"25":3,"26":1,"27":6,"28":6,"29":6,"30":6,"31":6,"32":6},"f":{"0":2,"1":1,"2":2,"3":1,"4":1,"5":1},"b":{"0":[4,0],"1":[2,3],"2":[5,3],"3":[1,3]},"_coverageSchema":"43e27e138ebf9cfc5966b082cf9a028302ed4184","hash":"d3323fd2896edd419daf6230f451bd91134808f8"}
,"C:\\server\\www\\js-snippets\\lib\\string.js": {"path":"C:\\server\\www\\js-snippets\\lib\\string.js","statementMap":{"0":{"start":{"line":10,"column":22},"end":{"line":10,"column":61}},"1":{"start":{"line":10,"column":29},"end":{"line":10,"column":61}},"2":{"start":{"line":21,"column":19},"end":{"line":21,"column":48}},"3":{"start":{"line":21,"column":26},"end":{"line":21,"column":48}},"4":{"start":{"line":35,"column":22},"end":{"line":35,"column":57}},"5":{"start":{"line":36,"column":17},"end":{"line":36,"column":35}},"6":{"start":{"line":37,"column":16},"end":{"line":37,"column":26}},"7":{"start":{"line":38,"column":20},"end":{"line":38,"column":53}},"8":{"start":{"line":39,"column":21},"end":{"line":39,"column":61}},"9":{"start":{"line":41,"column":2},"end":{"line":41,"column":49}},"10":{"start":{"line":45,"column":0},"end":{"line":45,"column":38}},"11":{"start":{"line":46,"column":0},"end":{"line":46,"column":32}},"12":{"start":{"line":47,"column":0},"end":{"line":47,"column":36}}},"fnMap":{"0":{"name":"(anonymous_0)","decl":{"start":{"line":10,"column":22},"end":{"line":10,"column":23}},"loc":{"start":{"line":10,"column":29},"end":{"line":10,"column":61}},"line":10},"1":{"name":"(anonymous_1)","decl":{"start":{"line":21,"column":19},"end":{"line":21,"column":20}},"loc":{"start":{"line":21,"column":26},"end":{"line":21,"column":48}},"line":21},"2":{"name":"isPalindrome","decl":{"start":{"line":34,"column":9},"end":{"line":34,"column":21}},"loc":{"start":{"line":34,"column":27},"end":{"line":42,"column":1}},"line":34}},"branchMap":{},"s":{"0":6,"1":7,"2":6,"3":6,"4":5,"5":5,"6":5,"7":5,"8":5,"9":5,"10":6,"11":6,"12":6},"f":{"0":7,"1":6,"2":5},"b":{},"_coverageSchema":"43e27e138ebf9cfc5966b082cf9a028302ed4184","hash":"5602d04dcd7a7bfe7d3c899fd95d4c1964c51766"}
}
