TN:
SF:/home/evgeni/projects/js-snippets/lib/array.js
FN:10,(anonymous_0)
FN:21,(anonymous_1)
FN:33,(anonymous_2)
FN:46,createTwoArraysUniqueDifferenceUnion
FNF:4
FNH:4
FNDA:2,(anonymous_0)
FNDA:2,(anonymous_1)
FNDA:3,(anonymous_2)
FNDA:1,createTwoArraysUniqueDifferenceUnion
DA:10,6
DA:21,6
DA:33,6
DA:47,1
DA:48,1
DA:50,1
DA:51,4
DA:54,1
DA:55,4
DA:58,1
DA:62,6
DA:63,6
DA:64,6
DA:65,6
LF:14
LH:14
BRF:0
BRH:0
end_of_record
TN:
SF:/home/evgeni/projects/js-snippets/lib/function.js
FN:11,(anonymous_0)
FN:11,(anonymous_1)
FN:13,(anonymous_2)
FN:28,(anonymous_3)
FN:28,(anonymous_4)
FN:32,(anonymous_5)
FNF:6
FNH:6
FNDA:2,(anonymous_0)
FNDA:2,(anonymous_1)
FNDA:4,(anonymous_2)
FNDA:1,(anonymous_3)
FNDA:6,(anonymous_4)
FNDA:12,(anonymous_5)
DA:11,6
DA:12,2
DA:13,4
DA:28,6
DA:29,6
DA:31,6
DA:32,12
DA:38,6
DA:39,6
LF:9
LH:9
BRDA:29,0,0,3
BRDA:29,0,1,3
BRF:2
BRH:2
end_of_record
TN:
SF:/home/evgeni/projects/js-snippets/lib/index.js
FNF:0
FNH:0
DA:9,6
DA:15,6
DA:20,6
DA:25,6
DA:35,6
DA:42,6
DA:49,6
DA:50,6
DA:51,6
DA:52,6
DA:55,6
DA:56,6
DA:59,6
DA:62,6
DA:65,6
DA:66,6
DA:67,6
DA:68,6
DA:69,6
DA:70,6
DA:73,6
DA:74,6
DA:75,6
LF:23
LH:23
BRF:0
BRH:0
end_of_record
TN:
SF:/home/evgeni/projects/js-snippets/lib/number.js
FN:13,(anonymous_0)
FNF:1
FNH:1
FNDA:1,(anonymous_0)
DA:13,6
DA:16,6
LF:2
LH:2
BRF:0
BRH:0
end_of_record
TN:
SF:/home/evgeni/projects/js-snippets/lib/object.js
FN:12,objectLogger
FN:14,(anonymous_1)
FN:21,(anonymous_2)
FN:28,(anonymous_3)
FN:35,(anonymous_4)
FN:42,(anonymous_5)
FNF:6
FNH:6
FNDA:1,objectLogger
FNDA:1,(anonymous_1)
FNDA:1,(anonymous_2)
FNDA:1,(anonymous_3)
FNDA:1,(anonymous_4)
FNDA:2,(anonymous_5)
DA:13,1
DA:15,1
DA:16,1
DA:17,1
DA:19,1
DA:22,1
DA:23,1
DA:24,1
DA:26,1
DA:29,1
DA:30,1
DA:31,1
DA:33,1
DA:36,1
DA:37,1
DA:38,1
DA:40,1
DA:43,2
DA:44,2
DA:45,2
DA:47,2
DA:54,6
LF:22
LH:22
BRF:0
BRH:0
end_of_record
TN:
SF:/home/evgeni/projects/js-snippets/lib/set.js
FN:11,createTwoSetsIntersection
FN:34,createThreeSetsIntersection
FN:56,isSuperset
FN:76,uniteTwoSets
FN:95,uniteManySets
FN:118,createTwoSetsDifference
FNF:6
FNH:6
FNDA:2,createTwoSetsIntersection
FNDA:1,createThreeSetsIntersection
FNDA:2,isSuperset
FNDA:1,uniteTwoSets
FNDA:1,uniteManySets
FNDA:1,createTwoSetsDifference
DA:12,2
DA:14,2
DA:15,4
DA:16,4
DA:20,2
DA:35,1
DA:37,1
DA:38,5
DA:39,2
DA:43,1
DA:57,2
DA:58,4
DA:59,1
DA:63,1
DA:77,1
DA:79,1
DA:80,3
DA:83,1
DA:96,1
DA:98,1
DA:99,3
DA:100,11
DA:104,1
DA:119,1
DA:121,1
DA:122,3
DA:125,1
DA:129,6
DA:130,6
DA:131,6
DA:132,6
DA:133,6
DA:134,6
LF:33
LH:33
BRDA:15,0,0,4
BRDA:15,0,1,0
BRDA:38,1,0,2
BRDA:38,1,1,3
BRDA:38,2,0,5
BRDA:38,2,1,3
BRDA:58,3,0,1
BRDA:58,3,1,3
BRF:8
BRH:7
end_of_record
TN:
SF:/home/evgeni/projects/js-snippets/lib/string.js
FN:10,(anonymous_0)
FN:21,(anonymous_1)
FN:34,isPalindrome
FNF:3
FNH:3
FNDA:7,(anonymous_0)
FNDA:6,(anonymous_1)
FNDA:5,isPalindrome
DA:10,7
DA:21,6
DA:35,5
DA:36,5
DA:37,5
DA:38,5
DA:39,5
DA:41,5
DA:45,6
DA:46,6
DA:47,6
LF:11
LH:11
BRF:0
BRH:0
end_of_record
